{"C:\\Users\\ferna\\Documents\\Projectos KINAL\\GestorHoteles\\index.js": {"path":"C:\\Users\\ferna\\Documents\\Projectos KINAL\\GestorHoteles\\index.js","statementMap":{"0":{"start":{"line":1,"column":16},"end":{"line":1,"column":34}},"1":{"start":{"line":2,"column":19},"end":{"line":2,"column":41}},"2":{"start":{"line":3,"column":15},"end":{"line":3,"column":32}},"3":{"start":{"line":4,"column":17},"end":{"line":4,"column":36}},"4":{"start":{"line":5,"column":17},"end":{"line":5,"column":36}},"5":{"start":{"line":7,"column":15},"end":{"line":7,"column":40}},"6":{"start":{"line":8,"column":16},"end":{"line":8,"column":42}},"7":{"start":{"line":9,"column":15},"end":{"line":9,"column":34}},"8":{"start":{"line":10,"column":21},"end":{"line":10,"column":55}},"9":{"start":{"line":11,"column":19},"end":{"line":11,"column":69}},"10":{"start":{"line":12,"column":26},"end":{"line":12,"column":86}},"11":{"start":{"line":13,"column":23},"end":{"line":13,"column":75}},"12":{"start":{"line":15,"column":0},"end":{"line":15,"column":22}},"13":{"start":{"line":17,"column":0},"end":{"line":17,"column":60}},"14":{"start":{"line":18,"column":0},"end":{"line":21,"column":3}},"15":{"start":{"line":19,"column":2},"end":{"line":19,"column":46}},"16":{"start":{"line":20,"column":2},"end":{"line":20,"column":18}},"17":{"start":{"line":23,"column":0},"end":{"line":23,"column":40}},"18":{"start":{"line":25,"column":12},"end":{"line":25,"column":21}},"19":{"start":{"line":27,"column":0},"end":{"line":27,"column":27}},"20":{"start":{"line":29,"column":0},"end":{"line":35,"column":2}},"21":{"start":{"line":32,"column":26},"end":{"line":32,"column":53}},"22":{"start":{"line":37,"column":0},"end":{"line":37,"column":31}},"23":{"start":{"line":39,"column":0},"end":{"line":39,"column":33}},"24":{"start":{"line":40,"column":0},"end":{"line":40,"column":45}},"25":{"start":{"line":41,"column":0},"end":{"line":41,"column":38}},"26":{"start":{"line":43,"column":0},"end":{"line":43,"column":42}},"27":{"start":{"line":44,"column":0},"end":{"line":48,"column":1}},"28":{"start":{"line":45,"column":2},"end":{"line":45,"column":44}},"29":{"start":{"line":47,"column":2},"end":{"line":47,"column":44}},"30":{"start":{"line":50,"column":15},"end":{"line":52,"column":2}},"31":{"start":{"line":51,"column":2},"end":{"line":51,"column":46}},"32":{"start":{"line":54,"column":0},"end":{"line":57,"column":2}}},"fnMap":{"0":{"name":"(anonymous_0)","decl":{"start":{"line":18,"column":32},"end":{"line":18,"column":33}},"loc":{"start":{"line":18,"column":38},"end":{"line":21,"column":1}},"line":18},"1":{"name":"(anonymous_1)","decl":{"start":{"line":32,"column":13},"end":{"line":32,"column":14}},"loc":{"start":{"line":32,"column":26},"end":{"line":32,"column":53}},"line":32},"2":{"name":"(anonymous_2)","decl":{"start":{"line":50,"column":41},"end":{"line":50,"column":42}},"loc":{"start":{"line":50,"column":47},"end":{"line":52,"column":1}},"line":50}},"branchMap":{"0":{"loc":{"start":{"line":44,"column":0},"end":{"line":48,"column":1}},"type":"if","locations":[{"start":{"line":44,"column":0},"end":{"line":48,"column":1}},{"start":{"line":44,"column":0},"end":{"line":48,"column":1}}],"line":44}},"s":{"0":3,"1":3,"2":3,"3":3,"4":3,"5":3,"6":3,"7":3,"8":3,"9":3,"10":3,"11":3,"12":3,"13":3,"14":3,"15":0,"16":0,"17":3,"18":3,"19":3,"20":3,"21":72,"22":3,"23":3,"24":3,"25":3,"26":3,"27":3,"28":0,"29":3,"30":3,"31":3,"32":3},"f":{"0":0,"1":72,"2":3},"b":{"0":[0,3]},"_coverageSchema":"1a1c01bbd47fc00a2c39e90264f33305004495a9","hash":"8da2ddece9ddde9a6ff762c99bf9d55eca965f7b"}
,"C:\\Users\\ferna\\Documents\\Projectos KINAL\\GestorHoteles\\api\\libs\\auth.js": {"path":"C:\\Users\\ferna\\Documents\\Projectos KINAL\\GestorHoteles\\api\\libs\\auth.js","statementMap":{"0":{"start":{"line":1,"column":15},"end":{"line":1,"column":32}},"1":{"start":{"line":2,"column":20},"end":{"line":2,"column":43}},"2":{"start":{"line":4,"column":12},"end":{"line":4,"column":41}},"3":{"start":{"line":5,"column":15},"end":{"line":5,"column":40}},"4":{"start":{"line":6,"column":23},"end":{"line":6,"column":74}},"5":{"start":{"line":8,"column":17},"end":{"line":11,"column":1}},"6":{"start":{"line":13,"column":0},"end":{"line":34,"column":3}},"7":{"start":{"line":14,"column":2},"end":{"line":33,"column":6}},"8":{"start":{"line":16,"column":6},"end":{"line":20,"column":7}},"9":{"start":{"line":17,"column":8},"end":{"line":17,"column":87}},"10":{"start":{"line":18,"column":8},"end":{"line":18,"column":25}},"11":{"start":{"line":19,"column":8},"end":{"line":19,"column":14}},"12":{"start":{"line":21,"column":6},"end":{"line":21,"column":99}},"13":{"start":{"line":22,"column":6},"end":{"line":22,"column":26}},"14":{"start":{"line":23,"column":6},"end":{"line":27,"column":8}},"15":{"start":{"line":31,"column":6},"end":{"line":31,"column":68}},"16":{"start":{"line":32,"column":6},"end":{"line":32,"column":15}}},"fnMap":{"0":{"name":"(anonymous_0)","decl":{"start":{"line":13,"column":54},"end":{"line":13,"column":55}},"loc":{"start":{"line":13,"column":76},"end":{"line":34,"column":1}},"line":13},"1":{"name":"(anonymous_1)","decl":{"start":{"line":15,"column":10},"end":{"line":15,"column":11}},"loc":{"start":{"line":15,"column":21},"end":{"line":29,"column":5}},"line":15},"2":{"name":"(anonymous_2)","decl":{"start":{"line":30,"column":11},"end":{"line":30,"column":12}},"loc":{"start":{"line":30,"column":18},"end":{"line":33,"column":5}},"line":30}},"branchMap":{"0":{"loc":{"start":{"line":16,"column":6},"end":{"line":20,"column":7}},"type":"if","locations":[{"start":{"line":16,"column":6},"end":{"line":20,"column":7}},{"start":{"line":16,"column":6},"end":{"line":20,"column":7}}],"line":16}},"s":{"0":3,"1":3,"2":3,"3":3,"4":3,"5":3,"6":3,"7":21,"8":21,"9":0,"10":0,"11":0,"12":21,"13":21,"14":21,"15":0,"16":0},"f":{"0":21,"1":21,"2":0},"b":{"0":[0,21]},"_coverageSchema":"1a1c01bbd47fc00a2c39e90264f33305004495a9","hash":"ee509f44a2885411a9db0992d11383b5091ecf30"}
,"C:\\Users\\ferna\\Documents\\Projectos KINAL\\GestorHoteles\\api\\libs\\errorHandler.js": {"path":"C:\\Users\\ferna\\Documents\\Projectos KINAL\\GestorHoteles\\api\\libs\\errorHandler.js","statementMap":{"0":{"start":{"line":1,"column":17},"end":{"line":1,"column":36}},"1":{"start":{"line":2,"column":12},"end":{"line":2,"column":41}},"2":{"start":{"line":4,"column":0},"end":{"line":8,"column":2}},"3":{"start":{"line":5,"column":2},"end":{"line":7,"column":4}},"4":{"start":{"line":6,"column":4},"end":{"line":6,"column":35}},"5":{"start":{"line":10,"column":0},"end":{"line":18,"column":2}},"6":{"start":{"line":11,"column":2},"end":{"line":16,"column":3}},"7":{"start":{"line":12,"column":4},"end":{"line":12,"column":63}},"8":{"start":{"line":13,"column":4},"end":{"line":14,"column":125}},"9":{"start":{"line":15,"column":4},"end":{"line":15,"column":21}},"10":{"start":{"line":17,"column":2},"end":{"line":17,"column":12}},"11":{"start":{"line":20,"column":0},"end":{"line":25,"column":2}},"12":{"start":{"line":21,"column":2},"end":{"line":21,"column":32}},"13":{"start":{"line":22,"column":2},"end":{"line":24,"column":5}},"14":{"start":{"line":27,"column":0},"end":{"line":33,"column":2}},"15":{"start":{"line":28,"column":2},"end":{"line":28,"column":32}},"16":{"start":{"line":29,"column":2},"end":{"line":32,"column":5}}},"fnMap":{"0":{"name":"(anonymous_0)","decl":{"start":{"line":4,"column":26},"end":{"line":4,"column":27}},"loc":{"start":{"line":4,"column":34},"end":{"line":8,"column":1}},"line":4},"1":{"name":"(anonymous_1)","decl":{"start":{"line":5,"column":9},"end":{"line":5,"column":10}},"loc":{"start":{"line":5,"column":35},"end":{"line":7,"column":3}},"line":5},"2":{"name":"(anonymous_2)","decl":{"start":{"line":10,"column":30},"end":{"line":10,"column":31}},"loc":{"start":{"line":10,"column":55},"end":{"line":18,"column":1}},"line":10},"3":{"name":"(anonymous_3)","decl":{"start":{"line":20,"column":30},"end":{"line":20,"column":31}},"loc":{"start":{"line":20,"column":55},"end":{"line":25,"column":1}},"line":20},"4":{"name":"(anonymous_4)","decl":{"start":{"line":27,"column":30},"end":{"line":27,"column":31}},"loc":{"start":{"line":27,"column":55},"end":{"line":33,"column":1}},"line":27}},"branchMap":{"0":{"loc":{"start":{"line":11,"column":2},"end":{"line":16,"column":3}},"type":"if","locations":[{"start":{"line":11,"column":2},"end":{"line":16,"column":3}},{"start":{"line":11,"column":2},"end":{"line":16,"column":3}}],"line":11},"1":{"loc":{"start":{"line":11,"column":6},"end":{"line":11,"column":64}},"type":"binary-expr","locations":[{"start":{"line":11,"column":6},"end":{"line":11,"column":35}},{"start":{"line":11,"column":39},"end":{"line":11,"column":64}}],"line":11},"2":{"loc":{"start":{"line":21,"column":13},"end":{"line":21,"column":30}},"type":"binary-expr","locations":[{"start":{"line":21,"column":13},"end":{"line":21,"column":23}},{"start":{"line":21,"column":27},"end":{"line":21,"column":30}}],"line":21},"3":{"loc":{"start":{"line":28,"column":13},"end":{"line":28,"column":30}},"type":"binary-expr","locations":[{"start":{"line":28,"column":13},"end":{"line":28,"column":23}},{"start":{"line":28,"column":27},"end":{"line":28,"column":30}}],"line":28},"4":{"loc":{"start":{"line":31,"column":11},"end":{"line":31,"column":26}},"type":"binary-expr","locations":[{"start":{"line":31,"column":11},"end":{"line":31,"column":20}},{"start":{"line":31,"column":24},"end":{"line":31,"column":26}}],"line":31}},"s":{"0":3,"1":3,"2":3,"3":33,"4":54,"5":3,"6":9,"7":0,"8":0,"9":0,"10":9,"11":3,"12":0,"13":0,"14":3,"15":9,"16":9},"f":{"0":33,"1":54,"2":9,"3":0,"4":9},"b":{"0":[0,9],"1":[9,9],"2":[0,0],"3":[9,0],"4":[9,0]},"_coverageSchema":"1a1c01bbd47fc00a2c39e90264f33305004495a9","hash":"df74e2a602c98df8db34f1c92aba28ef92190c2f"}
,"C:\\Users\\ferna\\Documents\\Projectos KINAL\\GestorHoteles\\api\\recursos\\Reservaciones\\reservaciones.controller.js": {"path":"C:\\Users\\ferna\\Documents\\Projectos KINAL\\GestorHoteles\\api\\recursos\\Reservaciones\\reservaciones.controller.js","statementMap":{"0":{"start":{"line":1,"column":20},"end":{"line":1,"column":52}},"1":{"start":{"line":4,"column":4},"end":{"line":4,"column":31}},"2":{"start":{"line":8,"column":4},"end":{"line":12,"column":13}},"3":{"start":{"line":16,"column":4},"end":{"line":16,"column":44}},"4":{"start":{"line":20,"column":4},"end":{"line":26,"column":6}},"5":{"start":{"line":30,"column":4},"end":{"line":32,"column":5}},"6":{"start":{"line":31,"column":8},"end":{"line":31,"column":39}},"7":{"start":{"line":33,"column":4},"end":{"line":33,"column":91}},"8":{"start":{"line":36,"column":0},"end":{"line":42,"column":1}}},"fnMap":{"0":{"name":"foundReservation","decl":{"start":{"line":3,"column":9},"end":{"line":3,"column":25}},"loc":{"start":{"line":3,"column":27},"end":{"line":5,"column":1}},"line":3},"1":{"name":"setReservation","decl":{"start":{"line":7,"column":9},"end":{"line":7,"column":23}},"loc":{"start":{"line":7,"column":63},"end":{"line":13,"column":1}},"line":7},"2":{"name":"deleteReservation","decl":{"start":{"line":15,"column":9},"end":{"line":15,"column":26}},"loc":{"start":{"line":15,"column":30},"end":{"line":17,"column":1}},"line":15},"3":{"name":"setServices","decl":{"start":{"line":19,"column":9},"end":{"line":19,"column":20}},"loc":{"start":{"line":19,"column":36},"end":{"line":27,"column":1}},"line":19},"4":{"name":"foundOneReservacion","decl":{"start":{"line":29,"column":9},"end":{"line":29,"column":28}},"loc":{"start":{"line":29,"column":38},"end":{"line":34,"column":1}},"line":29}},"branchMap":{"0":{"loc":{"start":{"line":30,"column":4},"end":{"line":32,"column":5}},"type":"if","locations":[{"start":{"line":30,"column":4},"end":{"line":32,"column":5}},{"start":{"line":30,"column":4},"end":{"line":32,"column":5}}],"line":30}},"s":{"0":3,"1":2,"2":1,"3":1,"4":0,"5":2,"6":2,"7":0,"8":3},"f":{"0":2,"1":1,"2":1,"3":0,"4":2},"b":{"0":[2,0]},"_coverageSchema":"1a1c01bbd47fc00a2c39e90264f33305004495a9","hash":"f1c76fcde44477cd9e2b14c2fceca19fc257dc33"}
,"C:\\Users\\ferna\\Documents\\Projectos KINAL\\GestorHoteles\\api\\recursos\\Reservaciones\\reservaciones.error.js": {"path":"C:\\Users\\ferna\\Documents\\Projectos KINAL\\GestorHoteles\\api\\recursos\\Reservaciones\\reservaciones.error.js","statementMap":{"0":{"start":{"line":3,"column":4},"end":{"line":3,"column":19}},"1":{"start":{"line":4,"column":4},"end":{"line":4,"column":66}},"2":{"start":{"line":5,"column":4},"end":{"line":5,"column":22}},"3":{"start":{"line":6,"column":4},"end":{"line":6,"column":34}},"4":{"start":{"line":12,"column":4},"end":{"line":12,"column":19}},"5":{"start":{"line":13,"column":4},"end":{"line":13,"column":77}},"6":{"start":{"line":14,"column":4},"end":{"line":14,"column":22}},"7":{"start":{"line":15,"column":4},"end":{"line":15,"column":38}},"8":{"start":{"line":19,"column":0},"end":{"line":22,"column":2}}},"fnMap":{"0":{"name":"(anonymous_0)","decl":{"start":{"line":2,"column":2},"end":{"line":2,"column":3}},"loc":{"start":{"line":2,"column":23},"end":{"line":7,"column":3}},"line":2},"1":{"name":"(anonymous_1)","decl":{"start":{"line":11,"column":2},"end":{"line":11,"column":3}},"loc":{"start":{"line":11,"column":23},"end":{"line":16,"column":3}},"line":11}},"branchMap":{"0":{"loc":{"start":{"line":4,"column":19},"end":{"line":4,"column":65}},"type":"binary-expr","locations":[{"start":{"line":4,"column":19},"end":{"line":4,"column":26}},{"start":{"line":4,"column":30},"end":{"line":4,"column":65}}],"line":4},"1":{"loc":{"start":{"line":13,"column":19},"end":{"line":13,"column":76}},"type":"binary-expr","locations":[{"start":{"line":13,"column":19},"end":{"line":13,"column":26}},{"start":{"line":13,"column":30},"end":{"line":13,"column":76}}],"line":13}},"s":{"0":0,"1":0,"2":0,"3":0,"4":1,"5":1,"6":1,"7":1,"8":3},"f":{"0":0,"1":1},"b":{"0":[0,0],"1":[1,0]},"_coverageSchema":"1a1c01bbd47fc00a2c39e90264f33305004495a9","hash":"4744c07e775b1295bc318dccb62637e81a31186e"}
,"C:\\Users\\ferna\\Documents\\Projectos KINAL\\GestorHoteles\\api\\recursos\\Reservaciones\\reservaciones.model.js": {"path":"C:\\Users\\ferna\\Documents\\Projectos KINAL\\GestorHoteles\\api\\recursos\\Reservaciones\\reservaciones.model.js","statementMap":{"0":{"start":{"line":1,"column":17},"end":{"line":1,"column":36}},"1":{"start":{"line":3,"column":26},"end":{"line":24,"column":2}},"2":{"start":{"line":26,"column":0},"end":{"line":26,"column":66}}},"fnMap":{},"branchMap":{},"s":{"0":3,"1":3,"2":3},"f":{},"b":{},"_coverageSchema":"1a1c01bbd47fc00a2c39e90264f33305004495a9","hash":"2422235829f6871fafc204ab4cad0e4f5f0dc799"}
,"C:\\Users\\ferna\\Documents\\Projectos KINAL\\GestorHoteles\\api\\recursos\\Reservaciones\\reservaciones.routes.js": {"path":"C:\\Users\\ferna\\Documents\\Projectos KINAL\\GestorHoteles\\api\\recursos\\Reservaciones\\reservaciones.routes.js","statementMap":{"0":{"start":{"line":1,"column":16},"end":{"line":1,"column":34}},"1":{"start":{"line":2,"column":17},"end":{"line":2,"column":36}},"2":{"start":{"line":4,"column":12},"end":{"line":4,"column":46}},"3":{"start":{"line":5,"column":27},"end":{"line":6,"column":21}},"4":{"start":{"line":7,"column":30},"end":{"line":7,"column":67}},"5":{"start":{"line":8,"column":23},"end":{"line":8,"column":67}},"6":{"start":{"line":9,"column":24},"end":{"line":9,"column":76}},"7":{"start":{"line":10,"column":49},"end":{"line":10,"column":81}},"8":{"start":{"line":12,"column":24},"end":{"line":12,"column":72}},"9":{"start":{"line":13,"column":26},"end":{"line":13,"column":42}},"10":{"start":{"line":16,"column":11},"end":{"line":16,"column":24}},"11":{"start":{"line":18,"column":2},"end":{"line":21,"column":3}},"12":{"start":{"line":19,"column":4},"end":{"line":19,"column":75}},"13":{"start":{"line":20,"column":4},"end":{"line":20,"column":11}},"14":{"start":{"line":22,"column":2},"end":{"line":22,"column":9}},"15":{"start":{"line":25,"column":0},"end":{"line":32,"column":2}},"16":{"start":{"line":28,"column":4},"end":{"line":30,"column":7}},"17":{"start":{"line":29,"column":6},"end":{"line":29,"column":30}},"18":{"start":{"line":34,"column":0},"end":{"line":52,"column":3}},"19":{"start":{"line":35,"column":27},"end":{"line":35,"column":35}},"20":{"start":{"line":36,"column":23},"end":{"line":36,"column":44}},"21":{"start":{"line":37,"column":22},"end":{"line":37,"column":42}},"22":{"start":{"line":38,"column":17},"end":{"line":38,"column":28}},"23":{"start":{"line":40,"column":4},"end":{"line":51,"column":6}},"24":{"start":{"line":41,"column":8},"end":{"line":48,"column":9}},"25":{"start":{"line":42,"column":12},"end":{"line":42,"column":44}},"26":{"start":{"line":43,"column":12},"end":{"line":43,"column":52}},"27":{"start":{"line":44,"column":12},"end":{"line":47,"column":16}},"28":{"start":{"line":45,"column":16},"end":{"line":45,"column":124}},"29":{"start":{"line":49,"column":8},"end":{"line":49,"column":52}},"30":{"start":{"line":50,"column":8},"end":{"line":50,"column":36}},"31":{"start":{"line":54,"column":0},"end":{"line":69,"column":3}},"32":{"start":{"line":55,"column":22},"end":{"line":55,"column":35}},"33":{"start":{"line":58,"column":2},"end":{"line":58,"column":93}},"34":{"start":{"line":60,"column":2},"end":{"line":63,"column":3}},"35":{"start":{"line":61,"column":4},"end":{"line":61,"column":87}},"36":{"start":{"line":62,"column":4},"end":{"line":62,"column":41}},"37":{"start":{"line":65,"column":27},"end":{"line":65,"column":87}},"38":{"start":{"line":66,"column":2},"end":{"line":66,"column":79}},"39":{"start":{"line":67,"column":2},"end":{"line":67,"column":30}},"40":{"start":{"line":71,"column":0},"end":{"line":71,"column":35}}},"fnMap":{"0":{"name":"validarId","decl":{"start":{"line":15,"column":9},"end":{"line":15,"column":18}},"loc":{"start":{"line":15,"column":35},"end":{"line":23,"column":1}},"line":15},"1":{"name":"(anonymous_1)","decl":{"start":{"line":27,"column":18},"end":{"line":27,"column":19}},"loc":{"start":{"line":27,"column":32},"end":{"line":31,"column":3}},"line":27},"2":{"name":"(anonymous_2)","decl":{"start":{"line":28,"column":57},"end":{"line":28,"column":58}},"loc":{"start":{"line":28,"column":76},"end":{"line":30,"column":5}},"line":28},"3":{"name":"(anonymous_3)","decl":{"start":{"line":34,"column":86},"end":{"line":34,"column":87}},"loc":{"start":{"line":34,"column":100},"end":{"line":52,"column":1}},"line":34},"4":{"name":"(anonymous_4)","decl":{"start":{"line":40,"column":98},"end":{"line":40,"column":99}},"loc":{"start":{"line":40,"column":126},"end":{"line":51,"column":5}},"line":40},"5":{"name":"(anonymous_5)","decl":{"start":{"line":44,"column":85},"end":{"line":44,"column":86}},"loc":{"start":{"line":44,"column":109},"end":{"line":47,"column":15}},"line":44},"6":{"name":"(anonymous_6)","decl":{"start":{"line":54,"column":79},"end":{"line":54,"column":80}},"loc":{"start":{"line":54,"column":99},"end":{"line":69,"column":1}},"line":54}},"branchMap":{"0":{"loc":{"start":{"line":18,"column":2},"end":{"line":21,"column":3}},"type":"if","locations":[{"start":{"line":18,"column":2},"end":{"line":21,"column":3}},{"start":{"line":18,"column":2},"end":{"line":21,"column":3}}],"line":18},"1":{"loc":{"start":{"line":41,"column":8},"end":{"line":48,"column":9}},"type":"if","locations":[{"start":{"line":41,"column":8},"end":{"line":48,"column":9}},{"start":{"line":41,"column":8},"end":{"line":48,"column":9}}],"line":41},"2":{"loc":{"start":{"line":60,"column":2},"end":{"line":63,"column":3}},"type":"if","locations":[{"start":{"line":60,"column":2},"end":{"line":63,"column":3}},{"start":{"line":60,"column":2},"end":{"line":63,"column":3}}],"line":60}},"s":{"0":3,"1":3,"2":3,"3":3,"4":3,"5":3,"6":3,"7":3,"8":3,"9":3,"10":3,"11":3,"12":1,"13":1,"14":2,"15":3,"16":2,"17":2,"18":3,"19":1,"20":1,"21":1,"22":1,"23":1,"24":1,"25":1,"26":1,"27":1,"28":1,"29":0,"30":0,"31":3,"32":2,"33":2,"34":2,"35":1,"36":1,"37":1,"38":1,"39":1,"40":3},"f":{"0":3,"1":2,"2":2,"3":1,"4":1,"5":1,"6":2},"b":{"0":[1,2],"1":[1,0],"2":[1,1]},"_coverageSchema":"1a1c01bbd47fc00a2c39e90264f33305004495a9","hash":"959de802fd8946a48d255841447995d39c3b5201"}
,"C:\\Users\\ferna\\Documents\\Projectos KINAL\\GestorHoteles\\api\\recursos\\Reservaciones\\reservaciones.validate.js": {"path":"C:\\Users\\ferna\\Documents\\Projectos KINAL\\GestorHoteles\\api\\recursos\\Reservaciones\\reservaciones.validate.js","statementMap":{"0":{"start":{"line":1,"column":12},"end":{"line":1,"column":32}},"1":{"start":{"line":2,"column":12},"end":{"line":2,"column":46}},"2":{"start":{"line":4,"column":29},"end":{"line":9,"column":2}},"3":{"start":{"line":11,"column":25},"end":{"line":28,"column":1}},"4":{"start":{"line":12,"column":20},"end":{"line":15,"column":4}},"5":{"start":{"line":16,"column":2},"end":{"line":27,"column":3}},"6":{"start":{"line":17,"column":4},"end":{"line":17,"column":11}},"7":{"start":{"line":19,"column":4},"end":{"line":22,"column":6}},"8":{"start":{"line":21,"column":45},"end":{"line":21,"column":58}},"9":{"start":{"line":23,"column":4},"end":{"line":23,"column":20}},"10":{"start":{"line":24,"column":4},"end":{"line":26,"column":6}},"11":{"start":{"line":30,"column":0},"end":{"line":32,"column":2}}},"fnMap":{"0":{"name":"(anonymous_0)","decl":{"start":{"line":11,"column":25},"end":{"line":11,"column":26}},"loc":{"start":{"line":11,"column":45},"end":{"line":28,"column":1}},"line":11},"1":{"name":"(anonymous_1)","decl":{"start":{"line":21,"column":34},"end":{"line":21,"column":35}},"loc":{"start":{"line":21,"column":45},"end":{"line":21,"column":58}},"line":21}},"branchMap":{"0":{"loc":{"start":{"line":16,"column":2},"end":{"line":27,"column":3}},"type":"if","locations":[{"start":{"line":16,"column":2},"end":{"line":27,"column":3}},{"start":{"line":16,"column":2},"end":{"line":27,"column":3}}],"line":16}},"s":{"0":3,"1":3,"2":3,"3":3,"4":3,"5":3,"6":1,"7":2,"8":2,"9":2,"10":2,"11":3},"f":{"0":3,"1":2},"b":{"0":[1,2]},"_coverageSchema":"1a1c01bbd47fc00a2c39e90264f33305004495a9","hash":"1448fa49ddf148fe1dd0b17abd6dff78f303241c"}
,"C:\\Users\\ferna\\Documents\\Projectos KINAL\\GestorHoteles\\api\\recursos\\Servicios\\servicios.controller.js": {"path":"C:\\Users\\ferna\\Documents\\Projectos KINAL\\GestorHoteles\\api\\recursos\\Servicios\\servicios.controller.js","statementMap":{"0":{"start":{"line":1,"column":17},"end":{"line":1,"column":45}},"1":{"start":{"line":4,"column":4},"end":{"line":4,"column":28}},"2":{"start":{"line":8,"column":4},"end":{"line":10,"column":14}},"3":{"start":{"line":14,"column":4},"end":{"line":14,"column":42}},"4":{"start":{"line":18,"column":4},"end":{"line":20,"column":5}},"5":{"start":{"line":19,"column":8},"end":{"line":19,"column":37}},"6":{"start":{"line":21,"column":4},"end":{"line":21,"column":97}},"7":{"start":{"line":24,"column":0},"end":{"line":29,"column":1}}},"fnMap":{"0":{"name":"foundServices","decl":{"start":{"line":3,"column":9},"end":{"line":3,"column":22}},"loc":{"start":{"line":3,"column":24},"end":{"line":5,"column":1}},"line":3},"1":{"name":"createServices","decl":{"start":{"line":7,"column":9},"end":{"line":7,"column":23}},"loc":{"start":{"line":7,"column":32},"end":{"line":11,"column":1}},"line":7},"2":{"name":"deleteServices","decl":{"start":{"line":13,"column":9},"end":{"line":13,"column":23}},"loc":{"start":{"line":13,"column":27},"end":{"line":15,"column":1}},"line":13},"3":{"name":"foundOneService","decl":{"start":{"line":17,"column":9},"end":{"line":17,"column":24}},"loc":{"start":{"line":17,"column":34},"end":{"line":22,"column":1}},"line":17}},"branchMap":{"0":{"loc":{"start":{"line":18,"column":4},"end":{"line":20,"column":5}},"type":"if","locations":[{"start":{"line":18,"column":4},"end":{"line":20,"column":5}},{"start":{"line":18,"column":4},"end":{"line":20,"column":5}}],"line":18}},"s":{"0":3,"1":4,"2":1,"3":1,"4":3,"5":3,"6":0,"7":3},"f":{"0":4,"1":1,"2":1,"3":3},"b":{"0":[3,0]},"_coverageSchema":"1a1c01bbd47fc00a2c39e90264f33305004495a9","hash":"3f2c7b729af24a66b6a465771535d0bbef4718ec"}
,"C:\\Users\\ferna\\Documents\\Projectos KINAL\\GestorHoteles\\api\\recursos\\Servicios\\servicios.error.js": {"path":"C:\\Users\\ferna\\Documents\\Projectos KINAL\\GestorHoteles\\api\\recursos\\Servicios\\servicios.error.js","statementMap":{"0":{"start":{"line":3,"column":4},"end":{"line":3,"column":19}},"1":{"start":{"line":4,"column":4},"end":{"line":6,"column":78}},"2":{"start":{"line":7,"column":4},"end":{"line":7,"column":22}},"3":{"start":{"line":8,"column":4},"end":{"line":8,"column":35}},"4":{"start":{"line":14,"column":4},"end":{"line":14,"column":19}},"5":{"start":{"line":15,"column":4},"end":{"line":15,"column":73}},"6":{"start":{"line":16,"column":4},"end":{"line":16,"column":22}},"7":{"start":{"line":17,"column":4},"end":{"line":17,"column":41}},"8":{"start":{"line":21,"column":0},"end":{"line":24,"column":2}}},"fnMap":{"0":{"name":"(anonymous_0)","decl":{"start":{"line":2,"column":2},"end":{"line":2,"column":3}},"loc":{"start":{"line":2,"column":23},"end":{"line":9,"column":3}},"line":2},"1":{"name":"(anonymous_1)","decl":{"start":{"line":13,"column":2},"end":{"line":13,"column":3}},"loc":{"start":{"line":13,"column":23},"end":{"line":18,"column":3}},"line":13}},"branchMap":{"0":{"loc":{"start":{"line":5,"column":6},"end":{"line":6,"column":77}},"type":"binary-expr","locations":[{"start":{"line":5,"column":6},"end":{"line":5,"column":13}},{"start":{"line":6,"column":6},"end":{"line":6,"column":77}}],"line":5},"1":{"loc":{"start":{"line":15,"column":19},"end":{"line":15,"column":72}},"type":"binary-expr","locations":[{"start":{"line":15,"column":19},"end":{"line":15,"column":26}},{"start":{"line":15,"column":30},"end":{"line":15,"column":72}}],"line":15}},"s":{"0":1,"1":1,"2":1,"3":1,"4":2,"5":2,"6":2,"7":2,"8":3},"f":{"0":1,"1":2},"b":{"0":[1,1],"1":[2,2]},"_coverageSchema":"1a1c01bbd47fc00a2c39e90264f33305004495a9","hash":"703d795c1e495b116a3adc19c627010331905ff3"}
,"C:\\Users\\ferna\\Documents\\Projectos KINAL\\GestorHoteles\\api\\recursos\\Servicios\\servicios.model.js": {"path":"C:\\Users\\ferna\\Documents\\Projectos KINAL\\GestorHoteles\\api\\recursos\\Servicios\\servicios.model.js","statementMap":{"0":{"start":{"line":1,"column":17},"end":{"line":1,"column":36}},"1":{"start":{"line":3,"column":23},"end":{"line":16,"column":2}},"2":{"start":{"line":18,"column":0},"end":{"line":18,"column":60}}},"fnMap":{},"branchMap":{},"s":{"0":3,"1":3,"2":3},"f":{},"b":{},"_coverageSchema":"1a1c01bbd47fc00a2c39e90264f33305004495a9","hash":"c7068399baff6c0b0e7c7f2e7eaeb2615a372929"}
,"C:\\Users\\ferna\\Documents\\Projectos KINAL\\GestorHoteles\\api\\recursos\\Servicios\\servicios.routes.js": {"path":"C:\\Users\\ferna\\Documents\\Projectos KINAL\\GestorHoteles\\api\\recursos\\Servicios\\servicios.routes.js","statementMap":{"0":{"start":{"line":1,"column":16},"end":{"line":1,"column":34}},"1":{"start":{"line":2,"column":17},"end":{"line":2,"column":36}},"2":{"start":{"line":4,"column":12},"end":{"line":4,"column":44}},"3":{"start":{"line":5,"column":24},"end":{"line":5,"column":71}},"4":{"start":{"line":6,"column":27},"end":{"line":6,"column":60}},"5":{"start":{"line":7,"column":24},"end":{"line":7,"column":76}},"6":{"start":{"line":11,"column":4},"end":{"line":11,"column":32}},"7":{"start":{"line":13,"column":24},"end":{"line":13,"column":72}},"8":{"start":{"line":14,"column":23},"end":{"line":14,"column":39}},"9":{"start":{"line":17,"column":2},"end":{"line":18,"column":66}},"10":{"start":{"line":19,"column":2},"end":{"line":20,"column":64}},"11":{"start":{"line":21,"column":2},"end":{"line":21,"column":9}},"12":{"start":{"line":25,"column":11},"end":{"line":25,"column":24}},"13":{"start":{"line":27,"column":2},"end":{"line":30,"column":3}},"14":{"start":{"line":28,"column":4},"end":{"line":28,"column":78}},"15":{"start":{"line":29,"column":4},"end":{"line":29,"column":11}},"16":{"start":{"line":31,"column":2},"end":{"line":31,"column":9}},"17":{"start":{"line":34,"column":0},"end":{"line":41,"column":2}},"18":{"start":{"line":37,"column":4},"end":{"line":39,"column":7}},"19":{"start":{"line":38,"column":6},"end":{"line":38,"column":25}},"20":{"start":{"line":43,"column":0},"end":{"line":63,"column":2}},"21":{"start":{"line":47,"column":24},"end":{"line":47,"column":32}},"22":{"start":{"line":48,"column":21},"end":{"line":48,"column":33}},"23":{"start":{"line":50,"column":4},"end":{"line":55,"column":5}},"24":{"start":{"line":51,"column":6},"end":{"line":53,"column":8}},"25":{"start":{"line":54,"column":6},"end":{"line":54,"column":42}},"26":{"start":{"line":57,"column":4},"end":{"line":61,"column":9}},"27":{"start":{"line":60,"column":8},"end":{"line":60,"column":58}},"28":{"start":{"line":65,"column":0},"end":{"line":93,"column":2}},"29":{"start":{"line":69,"column":21},"end":{"line":69,"column":34}},"30":{"start":{"line":72,"column":4},"end":{"line":74,"column":7}},"31":{"start":{"line":76,"column":4},"end":{"line":79,"column":5}},"32":{"start":{"line":77,"column":6},"end":{"line":77,"column":60}},"33":{"start":{"line":78,"column":6},"end":{"line":78,"column":35}},"34":{"start":{"line":81,"column":21},"end":{"line":81,"column":33}},"35":{"start":{"line":82,"column":4},"end":{"line":87,"column":5}},"36":{"start":{"line":83,"column":6},"end":{"line":85,"column":8}},"37":{"start":{"line":86,"column":6},"end":{"line":86,"column":42}},"38":{"start":{"line":89,"column":26},"end":{"line":89,"column":77}},"39":{"start":{"line":90,"column":4},"end":{"line":90,"column":56}},"40":{"start":{"line":91,"column":4},"end":{"line":91,"column":30}},"41":{"start":{"line":95,"column":0},"end":{"line":95,"column":32}}},"fnMap":{"0":{"name":"transformarBodyALowerCase","decl":{"start":{"line":16,"column":9},"end":{"line":16,"column":34}},"loc":{"start":{"line":16,"column":51},"end":{"line":22,"column":1}},"line":16},"1":{"name":"validarId","decl":{"start":{"line":24,"column":9},"end":{"line":24,"column":18}},"loc":{"start":{"line":24,"column":35},"end":{"line":32,"column":1}},"line":24},"2":{"name":"(anonymous_2)","decl":{"start":{"line":36,"column":18},"end":{"line":36,"column":19}},"loc":{"start":{"line":36,"column":32},"end":{"line":40,"column":3}},"line":36},"3":{"name":"(anonymous_3)","decl":{"start":{"line":37,"column":51},"end":{"line":37,"column":52}},"loc":{"start":{"line":37,"column":65},"end":{"line":39,"column":5}},"line":37},"4":{"name":"(anonymous_4)","decl":{"start":{"line":46,"column":18},"end":{"line":46,"column":19}},"loc":{"start":{"line":46,"column":32},"end":{"line":62,"column":3}},"line":46},"5":{"name":"(anonymous_5)","decl":{"start":{"line":59,"column":12},"end":{"line":59,"column":13}},"loc":{"start":{"line":59,"column":32},"end":{"line":61,"column":7}},"line":59},"6":{"name":"(anonymous_6)","decl":{"start":{"line":68,"column":18},"end":{"line":68,"column":19}},"loc":{"start":{"line":68,"column":38},"end":{"line":92,"column":3}},"line":68}},"branchMap":{"0":{"loc":{"start":{"line":17,"column":2},"end":{"line":18,"column":65}},"type":"binary-expr","locations":[{"start":{"line":17,"column":2},"end":{"line":17,"column":23}},{"start":{"line":18,"column":5},"end":{"line":18,"column":64}}],"line":17},"1":{"loc":{"start":{"line":19,"column":2},"end":{"line":20,"column":63}},"type":"binary-expr","locations":[{"start":{"line":19,"column":2},"end":{"line":19,"column":22}},{"start":{"line":20,"column":5},"end":{"line":20,"column":62}}],"line":19},"2":{"loc":{"start":{"line":27,"column":2},"end":{"line":30,"column":3}},"type":"if","locations":[{"start":{"line":27,"column":2},"end":{"line":30,"column":3}},{"start":{"line":27,"column":2},"end":{"line":30,"column":3}}],"line":27},"3":{"loc":{"start":{"line":50,"column":4},"end":{"line":55,"column":5}},"type":"if","locations":[{"start":{"line":50,"column":4},"end":{"line":55,"column":5}},{"start":{"line":50,"column":4},"end":{"line":55,"column":5}}],"line":50},"4":{"loc":{"start":{"line":76,"column":4},"end":{"line":79,"column":5}},"type":"if","locations":[{"start":{"line":76,"column":4},"end":{"line":79,"column":5}},{"start":{"line":76,"column":4},"end":{"line":79,"column":5}}],"line":76},"5":{"loc":{"start":{"line":82,"column":4},"end":{"line":87,"column":5}},"type":"if","locations":[{"start":{"line":82,"column":4},"end":{"line":87,"column":5}},{"start":{"line":82,"column":4},"end":{"line":87,"column":5}}],"line":82}},"s":{"0":3,"1":3,"2":3,"3":3,"4":3,"5":3,"6":3,"7":3,"8":3,"9":2,"10":2,"11":2,"12":4,"13":4,"14":1,"15":1,"16":3,"17":3,"18":4,"19":4,"20":3,"21":2,"22":2,"23":2,"24":1,"25":1,"26":1,"27":1,"28":3,"29":3,"30":3,"31":3,"32":1,"33":1,"34":2,"35":2,"36":1,"37":1,"38":1,"39":1,"40":1,"41":3},"f":{"0":2,"1":4,"2":4,"3":4,"4":2,"5":1,"6":3},"b":{"0":[2,2],"1":[2,2],"2":[1,3],"3":[1,1],"4":[1,2],"5":[1,1]},"_coverageSchema":"1a1c01bbd47fc00a2c39e90264f33305004495a9","hash":"f125f58cf915e655e632d06e9600827df92f31d4"}
,"C:\\Users\\ferna\\Documents\\Projectos KINAL\\GestorHoteles\\api\\recursos\\Servicios\\servicios.validate.js": {"path":"C:\\Users\\ferna\\Documents\\Projectos KINAL\\GestorHoteles\\api\\recursos\\Servicios\\servicios.validate.js","statementMap":{"0":{"start":{"line":1,"column":12},"end":{"line":1,"column":32}},"1":{"start":{"line":2,"column":12},"end":{"line":2,"column":44}},"2":{"start":{"line":4,"column":25},"end":{"line":8,"column":2}},"3":{"start":{"line":10,"column":22},"end":{"line":28,"column":1}},"4":{"start":{"line":11,"column":20},"end":{"line":14,"column":4}},"5":{"start":{"line":15,"column":2},"end":{"line":27,"column":3}},"6":{"start":{"line":16,"column":4},"end":{"line":16,"column":11}},"7":{"start":{"line":18,"column":4},"end":{"line":21,"column":6}},"8":{"start":{"line":20,"column":43},"end":{"line":20,"column":54}},"9":{"start":{"line":22,"column":4},"end":{"line":26,"column":8}},"10":{"start":{"line":30,"column":0},"end":{"line":32,"column":2}}},"fnMap":{"0":{"name":"(anonymous_0)","decl":{"start":{"line":10,"column":22},"end":{"line":10,"column":23}},"loc":{"start":{"line":10,"column":42},"end":{"line":28,"column":1}},"line":10},"1":{"name":"(anonymous_1)","decl":{"start":{"line":20,"column":34},"end":{"line":20,"column":35}},"loc":{"start":{"line":20,"column":43},"end":{"line":20,"column":54}},"line":20}},"branchMap":{"0":{"loc":{"start":{"line":15,"column":2},"end":{"line":27,"column":3}},"type":"if","locations":[{"start":{"line":15,"column":2},"end":{"line":27,"column":3}},{"start":{"line":15,"column":2},"end":{"line":27,"column":3}}],"line":15}},"s":{"0":3,"1":3,"2":3,"3":3,"4":5,"5":5,"6":2,"7":3,"8":3,"9":3,"10":3},"f":{"0":5,"1":3},"b":{"0":[2,3]},"_coverageSchema":"1a1c01bbd47fc00a2c39e90264f33305004495a9","hash":"d4a4a7ae5b308ff226815a457214031f357a645e"}
,"C:\\Users\\ferna\\Documents\\Projectos KINAL\\GestorHoteles\\api\\recursos\\Usuarios\\usuarios.controller.js": {"path":"C:\\Users\\ferna\\Documents\\Projectos KINAL\\GestorHoteles\\api\\recursos\\Usuarios\\usuarios.controller.js","statementMap":{"0":{"start":{"line":1,"column":16},"end":{"line":1,"column":43}},"1":{"start":{"line":4,"column":2},"end":{"line":4,"column":26}},"2":{"start":{"line":8,"column":2},"end":{"line":11,"column":12}},"3":{"start":{"line":15,"column":2},"end":{"line":15,"column":39}},"4":{"start":{"line":19,"column":2},"end":{"line":27,"column":4}},"5":{"start":{"line":31,"column":2},"end":{"line":37,"column":4}},"6":{"start":{"line":41,"column":2},"end":{"line":50,"column":5}},"7":{"start":{"line":42,"column":4},"end":{"line":49,"column":9}},"8":{"start":{"line":45,"column":8},"end":{"line":45,"column":37}},"9":{"start":{"line":48,"column":8},"end":{"line":48,"column":20}},"10":{"start":{"line":54,"column":2},"end":{"line":56,"column":3}},"11":{"start":{"line":55,"column":4},"end":{"line":55,"column":51}},"12":{"start":{"line":57,"column":2},"end":{"line":59,"column":3}},"13":{"start":{"line":58,"column":4},"end":{"line":58,"column":32}},"14":{"start":{"line":60,"column":2},"end":{"line":62,"column":4}},"15":{"start":{"line":65,"column":0},"end":{"line":73,"column":2}}},"fnMap":{"0":{"name":"foundUser","decl":{"start":{"line":3,"column":9},"end":{"line":3,"column":18}},"loc":{"start":{"line":3,"column":21},"end":{"line":5,"column":1}},"line":3},"1":{"name":"createUser","decl":{"start":{"line":7,"column":9},"end":{"line":7,"column":19}},"loc":{"start":{"line":7,"column":42},"end":{"line":12,"column":1}},"line":7},"2":{"name":"deleteUser","decl":{"start":{"line":14,"column":9},"end":{"line":14,"column":19}},"loc":{"start":{"line":14,"column":24},"end":{"line":16,"column":1}},"line":14},"3":{"name":"updateUser","decl":{"start":{"line":18,"column":9},"end":{"line":18,"column":19}},"loc":{"start":{"line":18,"column":30},"end":{"line":28,"column":1}},"line":18},"4":{"name":"setHistory","decl":{"start":{"line":30,"column":9},"end":{"line":30,"column":19}},"loc":{"start":{"line":30,"column":35},"end":{"line":38,"column":1}},"line":30},"5":{"name":"existingUser","decl":{"start":{"line":40,"column":9},"end":{"line":40,"column":21}},"loc":{"start":{"line":40,"column":39},"end":{"line":51,"column":1}},"line":40},"6":{"name":"(anonymous_6)","decl":{"start":{"line":41,"column":21},"end":{"line":41,"column":22}},"loc":{"start":{"line":41,"column":42},"end":{"line":50,"column":3}},"line":41},"7":{"name":"(anonymous_7)","decl":{"start":{"line":44,"column":12},"end":{"line":44,"column":13}},"loc":{"start":{"line":44,"column":26},"end":{"line":46,"column":7}},"line":44},"8":{"name":"(anonymous_8)","decl":{"start":{"line":47,"column":13},"end":{"line":47,"column":14}},"loc":{"start":{"line":47,"column":22},"end":{"line":49,"column":7}},"line":47},"9":{"name":"foundOneUser","decl":{"start":{"line":53,"column":9},"end":{"line":53,"column":21}},"loc":{"start":{"line":53,"column":54},"end":{"line":63,"column":1}},"line":53}},"branchMap":{"0":{"loc":{"start":{"line":54,"column":2},"end":{"line":56,"column":3}},"type":"if","locations":[{"start":{"line":54,"column":2},"end":{"line":56,"column":3}},{"start":{"line":54,"column":2},"end":{"line":56,"column":3}}],"line":54},"1":{"loc":{"start":{"line":57,"column":2},"end":{"line":59,"column":3}},"type":"if","locations":[{"start":{"line":57,"column":2},"end":{"line":59,"column":3}},{"start":{"line":57,"column":2},"end":{"line":59,"column":3}}],"line":57}},"s":{"0":3,"1":2,"2":8,"3":1,"4":1,"5":1,"6":9,"7":9,"8":9,"9":0,"10":50,"11":23,"12":27,"13":27,"14":0,"15":3},"f":{"0":2,"1":8,"2":1,"3":1,"4":1,"5":9,"6":9,"7":9,"8":0,"9":50},"b":{"0":[23,27],"1":[27,0]},"_coverageSchema":"1a1c01bbd47fc00a2c39e90264f33305004495a9","hash":"9628a2306be7f2b824bbd69369ce78cf308e9528"}
,"C:\\Users\\ferna\\Documents\\Projectos KINAL\\GestorHoteles\\api\\recursos\\Usuarios\\usuarios.error.js": {"path":"C:\\Users\\ferna\\Documents\\Projectos KINAL\\GestorHoteles\\api\\recursos\\Usuarios\\usuarios.error.js","statementMap":{"0":{"start":{"line":3,"column":4},"end":{"line":3,"column":19}},"1":{"start":{"line":4,"column":4},"end":{"line":5,"column":73}},"2":{"start":{"line":6,"column":4},"end":{"line":6,"column":22}},"3":{"start":{"line":7,"column":4},"end":{"line":7,"column":40}},"4":{"start":{"line":13,"column":4},"end":{"line":13,"column":19}},"5":{"start":{"line":14,"column":4},"end":{"line":16,"column":89}},"6":{"start":{"line":17,"column":4},"end":{"line":17,"column":22}},"7":{"start":{"line":18,"column":4},"end":{"line":18,"column":42}},"8":{"start":{"line":24,"column":4},"end":{"line":24,"column":19}},"9":{"start":{"line":25,"column":4},"end":{"line":26,"column":74}},"10":{"start":{"line":27,"column":4},"end":{"line":27,"column":22}},"11":{"start":{"line":28,"column":4},"end":{"line":28,"column":39}},"12":{"start":{"line":34,"column":4},"end":{"line":34,"column":19}},"13":{"start":{"line":35,"column":4},"end":{"line":35,"column":70}},"14":{"start":{"line":36,"column":4},"end":{"line":36,"column":22}},"15":{"start":{"line":37,"column":4},"end":{"line":37,"column":34}},"16":{"start":{"line":41,"column":0},"end":{"line":46,"column":2}}},"fnMap":{"0":{"name":"(anonymous_0)","decl":{"start":{"line":2,"column":2},"end":{"line":2,"column":3}},"loc":{"start":{"line":2,"column":23},"end":{"line":8,"column":3}},"line":2},"1":{"name":"(anonymous_1)","decl":{"start":{"line":12,"column":2},"end":{"line":12,"column":3}},"loc":{"start":{"line":12,"column":23},"end":{"line":19,"column":3}},"line":12},"2":{"name":"(anonymous_2)","decl":{"start":{"line":23,"column":2},"end":{"line":23,"column":3}},"loc":{"start":{"line":23,"column":23},"end":{"line":29,"column":3}},"line":23},"3":{"name":"(anonymous_3)","decl":{"start":{"line":33,"column":2},"end":{"line":33,"column":3}},"loc":{"start":{"line":33,"column":23},"end":{"line":38,"column":3}},"line":33}},"branchMap":{"0":{"loc":{"start":{"line":5,"column":6},"end":{"line":5,"column":72}},"type":"binary-expr","locations":[{"start":{"line":5,"column":6},"end":{"line":5,"column":13}},{"start":{"line":5,"column":17},"end":{"line":5,"column":72}}],"line":5},"1":{"loc":{"start":{"line":15,"column":6},"end":{"line":16,"column":88}},"type":"binary-expr","locations":[{"start":{"line":15,"column":6},"end":{"line":15,"column":13}},{"start":{"line":16,"column":6},"end":{"line":16,"column":88}}],"line":15},"2":{"loc":{"start":{"line":26,"column":6},"end":{"line":26,"column":73}},"type":"binary-expr","locations":[{"start":{"line":26,"column":6},"end":{"line":26,"column":13}},{"start":{"line":26,"column":17},"end":{"line":26,"column":73}}],"line":26},"3":{"loc":{"start":{"line":35,"column":19},"end":{"line":35,"column":69}},"type":"binary-expr","locations":[{"start":{"line":35,"column":19},"end":{"line":35,"column":26}},{"start":{"line":35,"column":30},"end":{"line":35,"column":69}}],"line":35}},"s":{"0":1,"1":1,"2":1,"3":1,"4":2,"5":2,"6":2,"7":2,"8":0,"9":0,"10":0,"11":0,"12":2,"13":2,"14":2,"15":2,"16":3},"f":{"0":1,"1":2,"2":0,"3":2},"b":{"0":[1,1],"1":[2,0],"2":[0,0],"3":[2,0]},"_coverageSchema":"1a1c01bbd47fc00a2c39e90264f33305004495a9","hash":"e90e4dfdc8bef4cc0c8b7559b4a0c77bf9d45efc"}
,"C:\\Users\\ferna\\Documents\\Projectos KINAL\\GestorHoteles\\api\\recursos\\Usuarios\\usuarios.model.js": {"path":"C:\\Users\\ferna\\Documents\\Projectos KINAL\\GestorHoteles\\api\\recursos\\Usuarios\\usuarios.model.js","statementMap":{"0":{"start":{"line":1,"column":17},"end":{"line":1,"column":36}},"1":{"start":{"line":3,"column":22},"end":{"line":37,"column":2}},"2":{"start":{"line":39,"column":0},"end":{"line":39,"column":57}}},"fnMap":{},"branchMap":{},"s":{"0":3,"1":3,"2":3},"f":{},"b":{},"_coverageSchema":"1a1c01bbd47fc00a2c39e90264f33305004495a9","hash":"cc0b74ad861d03332cfec81a04949dbaf6cba2e0"}
,"C:\\Users\\ferna\\Documents\\Projectos KINAL\\GestorHoteles\\api\\recursos\\Usuarios\\usuarios.routes.js": {"path":"C:\\Users\\ferna\\Documents\\Projectos KINAL\\GestorHoteles\\api\\recursos\\Usuarios\\usuarios.routes.js","statementMap":{"0":{"start":{"line":1,"column":16},"end":{"line":1,"column":34}},"1":{"start":{"line":2,"column":15},"end":{"line":2,"column":32}},"2":{"start":{"line":3,"column":12},"end":{"line":3,"column":35}},"3":{"start":{"line":4,"column":17},"end":{"line":4,"column":36}},"4":{"start":{"line":6,"column":12},"end":{"line":6,"column":46}},"5":{"start":{"line":7,"column":15},"end":{"line":7,"column":41}},"6":{"start":{"line":8,"column":23},"end":{"line":8,"column":68}},"7":{"start":{"line":9,"column":21},"end":{"line":9,"column":64}},"8":{"start":{"line":10,"column":22},"end":{"line":10,"column":66}},"9":{"start":{"line":11,"column":23},"end":{"line":11,"column":55}},"10":{"start":{"line":12,"column":24},"end":{"line":12,"column":76}},"11":{"start":{"line":18,"column":4},"end":{"line":18,"column":31}},"12":{"start":{"line":20,"column":24},"end":{"line":20,"column":72}},"13":{"start":{"line":21,"column":19},"end":{"line":21,"column":35}},"14":{"start":{"line":24,"column":2},"end":{"line":24,"column":77}},"15":{"start":{"line":25,"column":2},"end":{"line":25,"column":68}},"16":{"start":{"line":26,"column":2},"end":{"line":26,"column":65}},"17":{"start":{"line":27,"column":2},"end":{"line":27,"column":77}},"18":{"start":{"line":28,"column":2},"end":{"line":28,"column":9}},"19":{"start":{"line":32,"column":11},"end":{"line":32,"column":24}},"20":{"start":{"line":34,"column":2},"end":{"line":37,"column":3}},"21":{"start":{"line":35,"column":4},"end":{"line":35,"column":76}},"22":{"start":{"line":36,"column":4},"end":{"line":36,"column":11}},"23":{"start":{"line":38,"column":2},"end":{"line":38,"column":9}},"24":{"start":{"line":41,"column":0},"end":{"line":48,"column":2}},"25":{"start":{"line":44,"column":4},"end":{"line":46,"column":7}},"26":{"start":{"line":45,"column":6},"end":{"line":45,"column":25}},"27":{"start":{"line":50,"column":0},"end":{"line":74,"column":2}},"28":{"start":{"line":54,"column":23},"end":{"line":54,"column":31}},"29":{"start":{"line":55,"column":4},"end":{"line":72,"column":9}},"30":{"start":{"line":58,"column":8},"end":{"line":63,"column":9}},"31":{"start":{"line":59,"column":10},"end":{"line":61,"column":12}},"32":{"start":{"line":62,"column":10},"end":{"line":62,"column":44}},"33":{"start":{"line":64,"column":8},"end":{"line":64,"column":54}},"34":{"start":{"line":67,"column":8},"end":{"line":71,"column":13}},"35":{"start":{"line":70,"column":12},"end":{"line":70,"column":61}},"36":{"start":{"line":76,"column":0},"end":{"line":110,"column":2}},"37":{"start":{"line":80,"column":31},"end":{"line":80,"column":39}},"38":{"start":{"line":82,"column":28},"end":{"line":84,"column":6}},"39":{"start":{"line":85,"column":4},"end":{"line":90,"column":5}},"40":{"start":{"line":86,"column":6},"end":{"line":88,"column":8}},"41":{"start":{"line":89,"column":6},"end":{"line":89,"column":42}},"42":{"start":{"line":91,"column":29},"end":{"line":94,"column":5}},"43":{"start":{"line":95,"column":4},"end":{"line":108,"column":5}},"44":{"start":{"line":96,"column":18},"end":{"line":98,"column":8}},"45":{"start":{"line":99,"column":6},"end":{"line":101,"column":8}},"46":{"start":{"line":102,"column":6},"end":{"line":102,"column":38}},"47":{"start":{"line":104,"column":6},"end":{"line":106,"column":8}},"48":{"start":{"line":107,"column":6},"end":{"line":107,"column":42}},"49":{"start":{"line":112,"column":0},"end":{"line":139,"column":2}},"50":{"start":{"line":116,"column":20},"end":{"line":116,"column":33}},"51":{"start":{"line":117,"column":13},"end":{"line":117,"column":24}},"52":{"start":{"line":120,"column":4},"end":{"line":120,"column":70}},"53":{"start":{"line":122,"column":4},"end":{"line":124,"column":5}},"54":{"start":{"line":123,"column":6},"end":{"line":123,"column":78}},"55":{"start":{"line":126,"column":4},"end":{"line":129,"column":5}},"56":{"start":{"line":127,"column":6},"end":{"line":127,"column":62}},"57":{"start":{"line":128,"column":6},"end":{"line":128,"column":63}},"58":{"start":{"line":131,"column":4},"end":{"line":137,"column":7}},"59":{"start":{"line":132,"column":6},"end":{"line":132,"column":24}},"60":{"start":{"line":133,"column":6},"end":{"line":136,"column":8}},"61":{"start":{"line":141,"column":0},"end":{"line":171,"column":2}},"62":{"start":{"line":145,"column":20},"end":{"line":145,"column":33}},"63":{"start":{"line":148,"column":4},"end":{"line":148,"column":76}},"64":{"start":{"line":150,"column":4},"end":{"line":157,"column":5}},"65":{"start":{"line":151,"column":6},"end":{"line":153,"column":8}},"66":{"start":{"line":154,"column":6},"end":{"line":156,"column":8}},"67":{"start":{"line":159,"column":20},"end":{"line":159,"column":31}},"68":{"start":{"line":160,"column":4},"end":{"line":165,"column":5}},"69":{"start":{"line":161,"column":6},"end":{"line":163,"column":8}},"70":{"start":{"line":164,"column":6},"end":{"line":164,"column":78}},"71":{"start":{"line":167,"column":25},"end":{"line":167,"column":67}},"72":{"start":{"line":168,"column":4},"end":{"line":168,"column":66}},"73":{"start":{"line":169,"column":4},"end":{"line":169,"column":29}},"74":{"start":{"line":173,"column":0},"end":{"line":173,"column":28}}},"fnMap":{"0":{"name":"transformarBodyALowerCase","decl":{"start":{"line":23,"column":9},"end":{"line":23,"column":34}},"loc":{"start":{"line":23,"column":51},"end":{"line":29,"column":1}},"line":23},"1":{"name":"validarId","decl":{"start":{"line":31,"column":9},"end":{"line":31,"column":18}},"loc":{"start":{"line":31,"column":35},"end":{"line":39,"column":1}},"line":31},"2":{"name":"(anonymous_2)","decl":{"start":{"line":43,"column":18},"end":{"line":43,"column":19}},"loc":{"start":{"line":43,"column":32},"end":{"line":47,"column":3}},"line":43},"3":{"name":"(anonymous_3)","decl":{"start":{"line":44,"column":43},"end":{"line":44,"column":44}},"loc":{"start":{"line":44,"column":57},"end":{"line":46,"column":5}},"line":44},"4":{"name":"(anonymous_4)","decl":{"start":{"line":53,"column":18},"end":{"line":53,"column":19}},"loc":{"start":{"line":53,"column":32},"end":{"line":73,"column":3}},"line":53},"5":{"name":"(anonymous_5)","decl":{"start":{"line":57,"column":12},"end":{"line":57,"column":13}},"loc":{"start":{"line":57,"column":35},"end":{"line":65,"column":7}},"line":57},"6":{"name":"(anonymous_6)","decl":{"start":{"line":66,"column":12},"end":{"line":66,"column":13}},"loc":{"start":{"line":66,"column":22},"end":{"line":72,"column":7}},"line":66},"7":{"name":"(anonymous_7)","decl":{"start":{"line":69,"column":16},"end":{"line":69,"column":17}},"loc":{"start":{"line":69,"column":40},"end":{"line":71,"column":11}},"line":69},"8":{"name":"(anonymous_8)","decl":{"start":{"line":79,"column":18},"end":{"line":79,"column":19}},"loc":{"start":{"line":79,"column":38},"end":{"line":109,"column":3}},"line":79},"9":{"name":"(anonymous_9)","decl":{"start":{"line":115,"column":18},"end":{"line":115,"column":19}},"loc":{"start":{"line":115,"column":38},"end":{"line":138,"column":3}},"line":115},"10":{"name":"(anonymous_10)","decl":{"start":{"line":131,"column":56},"end":{"line":131,"column":57}},"loc":{"start":{"line":131,"column":69},"end":{"line":137,"column":5}},"line":131},"11":{"name":"(anonymous_11)","decl":{"start":{"line":144,"column":18},"end":{"line":144,"column":19}},"loc":{"start":{"line":144,"column":38},"end":{"line":170,"column":3}},"line":144}},"branchMap":{"0":{"loc":{"start":{"line":24,"column":2},"end":{"line":24,"column":76}},"type":"binary-expr","locations":[{"start":{"line":24,"column":2},"end":{"line":24,"column":19}},{"start":{"line":24,"column":24},"end":{"line":24,"column":75}}],"line":24},"1":{"loc":{"start":{"line":25,"column":2},"end":{"line":25,"column":67}},"type":"binary-expr","locations":[{"start":{"line":25,"column":2},"end":{"line":25,"column":16}},{"start":{"line":25,"column":21},"end":{"line":25,"column":66}}],"line":25},"2":{"loc":{"start":{"line":26,"column":2},"end":{"line":26,"column":64}},"type":"binary-expr","locations":[{"start":{"line":26,"column":2},"end":{"line":26,"column":15}},{"start":{"line":26,"column":20},"end":{"line":26,"column":63}}],"line":26},"3":{"loc":{"start":{"line":27,"column":2},"end":{"line":27,"column":76}},"type":"binary-expr","locations":[{"start":{"line":27,"column":2},"end":{"line":27,"column":19}},{"start":{"line":27,"column":24},"end":{"line":27,"column":75}}],"line":27},"4":{"loc":{"start":{"line":34,"column":2},"end":{"line":37,"column":3}},"type":"if","locations":[{"start":{"line":34,"column":2},"end":{"line":37,"column":3}},{"start":{"line":34,"column":2},"end":{"line":37,"column":3}}],"line":34},"5":{"loc":{"start":{"line":58,"column":8},"end":{"line":63,"column":9}},"type":"if","locations":[{"start":{"line":58,"column":8},"end":{"line":63,"column":9}},{"start":{"line":58,"column":8},"end":{"line":63,"column":9}}],"line":58},"6":{"loc":{"start":{"line":85,"column":4},"end":{"line":90,"column":5}},"type":"if","locations":[{"start":{"line":85,"column":4},"end":{"line":90,"column":5}},{"start":{"line":85,"column":4},"end":{"line":90,"column":5}}],"line":85},"7":{"loc":{"start":{"line":95,"column":4},"end":{"line":108,"column":5}},"type":"if","locations":[{"start":{"line":95,"column":4},"end":{"line":108,"column":5}},{"start":{"line":95,"column":4},"end":{"line":108,"column":5}}],"line":95},"8":{"loc":{"start":{"line":122,"column":4},"end":{"line":124,"column":5}},"type":"if","locations":[{"start":{"line":122,"column":4},"end":{"line":124,"column":5}},{"start":{"line":122,"column":4},"end":{"line":124,"column":5}}],"line":122},"9":{"loc":{"start":{"line":126,"column":4},"end":{"line":129,"column":5}},"type":"if","locations":[{"start":{"line":126,"column":4},"end":{"line":129,"column":5}},{"start":{"line":126,"column":4},"end":{"line":129,"column":5}}],"line":126},"10":{"loc":{"start":{"line":150,"column":4},"end":{"line":157,"column":5}},"type":"if","locations":[{"start":{"line":150,"column":4},"end":{"line":157,"column":5}},{"start":{"line":150,"column":4},"end":{"line":157,"column":5}}],"line":150},"11":{"loc":{"start":{"line":160,"column":4},"end":{"line":165,"column":5}},"type":"if","locations":[{"start":{"line":160,"column":4},"end":{"line":165,"column":5}},{"start":{"line":160,"column":4},"end":{"line":165,"column":5}}],"line":160}},"s":{"0":3,"1":3,"2":3,"3":3,"4":3,"5":3,"6":3,"7":3,"8":3,"9":3,"10":3,"11":3,"12":3,"13":3,"14":32,"15":32,"16":32,"17":32,"18":32,"19":8,"20":8,"21":2,"22":2,"23":6,"24":3,"25":2,"26":2,"27":3,"28":9,"29":9,"30":9,"31":1,"32":1,"33":8,"34":8,"35":8,"36":3,"37":23,"38":23,"39":23,"40":0,"41":0,"42":23,"43":23,"44":23,"45":23,"46":23,"47":0,"48":0,"49":3,"50":3,"51":3,"52":3,"53":3,"54":1,"55":2,"56":1,"57":1,"58":1,"59":1,"60":1,"61":3,"62":3,"63":3,"64":3,"65":1,"66":1,"67":2,"68":2,"69":1,"70":1,"71":1,"72":1,"73":1,"74":3},"f":{"0":32,"1":8,"2":2,"3":2,"4":9,"5":9,"6":8,"7":8,"8":23,"9":3,"10":1,"11":3},"b":{"0":[32,32],"1":[32,9],"2":[32,9],"3":[32,9],"4":[2,6],"5":[1,8],"6":[0,23],"7":[23,0],"8":[1,2],"9":[1,1],"10":[1,2],"11":[1,1]},"_coverageSchema":"1a1c01bbd47fc00a2c39e90264f33305004495a9","hash":"5faf7a50e07c12ebeb580826a17a7b1a21ee868c"}
,"C:\\Users\\ferna\\Documents\\Projectos KINAL\\GestorHoteles\\api\\recursos\\Usuarios\\usuarios.validate.js": {"path":"C:\\Users\\ferna\\Documents\\Projectos KINAL\\GestorHoteles\\api\\recursos\\Usuarios\\usuarios.validate.js","statementMap":{"0":{"start":{"line":1,"column":12},"end":{"line":1,"column":32}},"1":{"start":{"line":2,"column":12},"end":{"line":2,"column":46}},"2":{"start":{"line":4,"column":22},"end":{"line":13,"column":2}},"3":{"start":{"line":15,"column":21},"end":{"line":33,"column":1}},"4":{"start":{"line":16,"column":20},"end":{"line":19,"column":4}},"5":{"start":{"line":20,"column":2},"end":{"line":32,"column":3}},"6":{"start":{"line":21,"column":4},"end":{"line":21,"column":11}},"7":{"start":{"line":23,"column":4},"end":{"line":26,"column":6}},"8":{"start":{"line":25,"column":45},"end":{"line":25,"column":58}},"9":{"start":{"line":27,"column":4},"end":{"line":31,"column":8}},"10":{"start":{"line":35,"column":23},"end":{"line":38,"column":2}},"11":{"start":{"line":40,"column":19},"end":{"line":58,"column":1}},"12":{"start":{"line":41,"column":20},"end":{"line":44,"column":4}},"13":{"start":{"line":45,"column":2},"end":{"line":57,"column":3}},"14":{"start":{"line":46,"column":4},"end":{"line":46,"column":11}},"15":{"start":{"line":48,"column":4},"end":{"line":51,"column":6}},"16":{"start":{"line":50,"column":45},"end":{"line":50,"column":58}},"17":{"start":{"line":52,"column":4},"end":{"line":56,"column":8}},"18":{"start":{"line":60,"column":24},"end":{"line":65,"column":2}},"19":{"start":{"line":67,"column":20},"end":{"line":83,"column":1}},"20":{"start":{"line":68,"column":20},"end":{"line":71,"column":4}},"21":{"start":{"line":72,"column":2},"end":{"line":82,"column":3}},"22":{"start":{"line":73,"column":4},"end":{"line":73,"column":11}},"23":{"start":{"line":75,"column":4},"end":{"line":78,"column":6}},"24":{"start":{"line":77,"column":45},"end":{"line":77,"column":58}},"25":{"start":{"line":79,"column":4},"end":{"line":81,"column":69}},"26":{"start":{"line":85,"column":0},"end":{"line":89,"column":2}}},"fnMap":{"0":{"name":"(anonymous_0)","decl":{"start":{"line":15,"column":21},"end":{"line":15,"column":22}},"loc":{"start":{"line":15,"column":41},"end":{"line":33,"column":1}},"line":15},"1":{"name":"(anonymous_1)","decl":{"start":{"line":25,"column":34},"end":{"line":25,"column":35}},"loc":{"start":{"line":25,"column":45},"end":{"line":25,"column":58}},"line":25},"2":{"name":"(anonymous_2)","decl":{"start":{"line":40,"column":19},"end":{"line":40,"column":20}},"loc":{"start":{"line":40,"column":39},"end":{"line":58,"column":1}},"line":40},"3":{"name":"(anonymous_3)","decl":{"start":{"line":50,"column":34},"end":{"line":50,"column":35}},"loc":{"start":{"line":50,"column":45},"end":{"line":50,"column":58}},"line":50},"4":{"name":"(anonymous_4)","decl":{"start":{"line":67,"column":20},"end":{"line":67,"column":21}},"loc":{"start":{"line":67,"column":40},"end":{"line":83,"column":1}},"line":67},"5":{"name":"(anonymous_5)","decl":{"start":{"line":77,"column":34},"end":{"line":77,"column":35}},"loc":{"start":{"line":77,"column":45},"end":{"line":77,"column":58}},"line":77}},"branchMap":{"0":{"loc":{"start":{"line":20,"column":2},"end":{"line":32,"column":3}},"type":"if","locations":[{"start":{"line":20,"column":2},"end":{"line":32,"column":3}},{"start":{"line":20,"column":2},"end":{"line":32,"column":3}}],"line":20},"1":{"loc":{"start":{"line":45,"column":2},"end":{"line":57,"column":3}},"type":"if","locations":[{"start":{"line":45,"column":2},"end":{"line":57,"column":3}},{"start":{"line":45,"column":2},"end":{"line":57,"column":3}}],"line":45},"2":{"loc":{"start":{"line":72,"column":2},"end":{"line":82,"column":3}},"type":"if","locations":[{"start":{"line":72,"column":2},"end":{"line":82,"column":3}},{"start":{"line":72,"column":2},"end":{"line":82,"column":3}}],"line":72}},"s":{"0":3,"1":3,"2":3,"3":3,"4":18,"5":18,"6":9,"7":9,"8":9,"9":9,"10":3,"11":3,"12":23,"13":23,"14":23,"15":0,"16":0,"17":0,"18":3,"19":3,"20":3,"21":3,"22":3,"23":0,"24":0,"25":0,"26":3},"f":{"0":18,"1":9,"2":23,"3":0,"4":3,"5":0},"b":{"0":[9,9],"1":[23,0],"2":[3,0]},"_coverageSchema":"1a1c01bbd47fc00a2c39e90264f33305004495a9","hash":"77e1df5a8449a806cca9b35b977768b28df2b9d2"}
,"C:\\Users\\ferna\\Documents\\Projectos KINAL\\GestorHoteles\\config\\dev.js": {"path":"C:\\Users\\ferna\\Documents\\Projectos KINAL\\GestorHoteles\\config\\dev.js","statementMap":{"0":{"start":{"line":1,"column":0},"end":{"line":6,"column":2}}},"fnMap":{},"branchMap":{},"s":{"0":3},"f":{},"b":{},"_coverageSchema":"1a1c01bbd47fc00a2c39e90264f33305004495a9","hash":"1175b2c124fda7a8499199dd64d03d1b2ae4f5d1"}
,"C:\\Users\\ferna\\Documents\\Projectos KINAL\\GestorHoteles\\config\\index.js": {"path":"C:\\Users\\ferna\\Documents\\Projectos KINAL\\GestorHoteles\\config\\index.js","statementMap":{"0":{"start":{"line":1,"column":17},"end":{"line":1,"column":54}},"1":{"start":{"line":3,"column":26},"end":{"line":6,"column":1}},"2":{"start":{"line":8,"column":30},"end":{"line":8,"column":32}},"3":{"start":{"line":10,"column":0},"end":{"line":22,"column":1}},"4":{"start":{"line":14,"column":4},"end":{"line":14,"column":47}},"5":{"start":{"line":15,"column":4},"end":{"line":15,"column":10}},"6":{"start":{"line":18,"column":4},"end":{"line":18,"column":48}},"7":{"start":{"line":19,"column":4},"end":{"line":19,"column":10}},"8":{"start":{"line":21,"column":4},"end":{"line":21,"column":47}},"9":{"start":{"line":24,"column":0},"end":{"line":27,"column":2}}},"fnMap":{},"branchMap":{"0":{"loc":{"start":{"line":1,"column":17},"end":{"line":1,"column":54}},"type":"binary-expr","locations":[{"start":{"line":1,"column":17},"end":{"line":1,"column":37}},{"start":{"line":1,"column":41},"end":{"line":1,"column":54}}],"line":1},"1":{"loc":{"start":{"line":10,"column":0},"end":{"line":22,"column":1}},"type":"switch","locations":[{"start":{"line":11,"column":2},"end":{"line":11,"column":20}},{"start":{"line":12,"column":2},"end":{"line":12,"column":13}},{"start":{"line":13,"column":2},"end":{"line":15,"column":10}},{"start":{"line":16,"column":2},"end":{"line":16,"column":20}},{"start":{"line":17,"column":2},"end":{"line":19,"column":10}},{"start":{"line":20,"column":2},"end":{"line":21,"column":47}}],"line":10}},"s":{"0":3,"1":3,"2":3,"3":3,"4":0,"5":0,"6":0,"7":0,"8":3,"9":3},"f":{},"b":{"0":[3,0],"1":[0,0,0,0,0,3]},"_coverageSchema":"1a1c01bbd47fc00a2c39e90264f33305004495a9","hash":"1a2f7323df82782f07c54f6060d189128354d383"}
,"C:\\Users\\ferna\\Documents\\Projectos KINAL\\GestorHoteles\\utils\\logger.js": {"path":"C:\\Users\\ferna\\Documents\\Projectos KINAL\\GestorHoteles\\utils\\logger.js","statementMap":{"0":{"start":{"line":1,"column":16},"end":{"line":1,"column":34}},"1":{"start":{"line":3,"column":21},"end":{"line":6,"column":2}},"2":{"start":{"line":4,"column":2},"end":{"line":4,"column":63}},"3":{"start":{"line":5,"column":2},"end":{"line":5,"column":14}},"4":{"start":{"line":8,"column":0},"end":{"line":27,"column":3}}},"fnMap":{"0":{"name":"(anonymous_0)","decl":{"start":{"line":3,"column":36},"end":{"line":3,"column":37}},"loc":{"start":{"line":3,"column":46},"end":{"line":6,"column":1}},"line":3}},"branchMap":{},"s":{"0":3,"1":3,"2":162,"3":162,"4":3},"f":{"0":162},"b":{},"_coverageSchema":"1a1c01bbd47fc00a2c39e90264f33305004495a9","hash":"ec839bc69abf283aeb393802eb2df743d29bb692"}
}
