TN:
SF:index.js
FN:18,(anonymous_0)
FN:32,(anonymous_1)
FN:50,(anonymous_2)
FNF:3
FNH:2
FNDA:0,(anonymous_0)
FNDA:72,(anonymous_1)
FNDA:3,(anonymous_2)
DA:1,3
DA:2,3
DA:3,3
DA:4,3
DA:5,3
DA:7,3
DA:8,3
DA:9,3
DA:10,3
DA:11,3
DA:12,3
DA:13,3
DA:15,3
DA:17,3
DA:18,3
DA:19,0
DA:20,0
DA:23,3
DA:25,3
DA:27,3
DA:29,3
DA:32,72
DA:37,3
DA:39,3
DA:40,3
DA:41,3
DA:43,3
DA:44,3
DA:45,0
DA:47,3
DA:50,3
DA:51,3
DA:54,3
LF:33
LH:30
BRDA:44,0,0,0
BRDA:44,0,1,3
BRF:2
BRH:1
end_of_record
TN:
SF:api\libs\auth.js
FN:13,(anonymous_0)
FN:15,(anonymous_1)
FN:30,(anonymous_2)
FNF:3
FNH:2
FNDA:21,(anonymous_0)
FNDA:21,(anonymous_1)
FNDA:0,(anonymous_2)
DA:1,3
DA:2,3
DA:4,3
DA:5,3
DA:6,3
DA:8,3
DA:13,3
DA:14,21
DA:16,21
DA:17,0
DA:18,0
DA:19,0
DA:21,21
DA:22,21
DA:23,21
DA:31,0
DA:32,0
LF:17
LH:12
BRDA:16,0,0,0
BRDA:16,0,1,21
BRF:2
BRH:1
end_of_record
TN:
SF:api\libs\errorHandler.js
FN:4,(anonymous_0)
FN:5,(anonymous_1)
FN:10,(anonymous_2)
FN:20,(anonymous_3)
FN:27,(anonymous_4)
FNF:5
FNH:4
FNDA:33,(anonymous_0)
FNDA:54,(anonymous_1)
FNDA:9,(anonymous_2)
FNDA:0,(anonymous_3)
FNDA:9,(anonymous_4)
DA:1,3
DA:2,3
DA:4,3
DA:5,33
DA:6,54
DA:10,3
DA:11,9
DA:12,0
DA:13,0
DA:15,0
DA:17,9
DA:20,3
DA:21,0
DA:22,0
DA:27,3
DA:28,9
DA:29,9
LF:17
LH:12
BRDA:11,0,0,0
BRDA:11,0,1,9
BRDA:11,1,0,9
BRDA:11,1,1,9
BRDA:21,2,0,0
BRDA:21,2,1,0
BRDA:28,3,0,9
BRDA:28,3,1,0
BRDA:31,4,0,9
BRDA:31,4,1,0
BRF:10
BRH:5
end_of_record
TN:
SF:api\recursos\Reservaciones\reservaciones.controller.js
FN:3,foundReservation
FN:7,setReservation
FN:15,deleteReservation
FN:19,setServices
FN:29,foundOneReservacion
FNF:5
FNH:4
FNDA:2,foundReservation
FNDA:1,setReservation
FNDA:1,deleteReservation
FNDA:0,setServices
FNDA:2,foundOneReservacion
DA:1,3
DA:4,2
DA:8,1
DA:16,1
DA:20,0
DA:30,2
DA:31,2
DA:33,0
DA:36,3
LF:9
LH:7
BRDA:30,0,0,2
BRDA:30,0,1,0
BRF:2
BRH:1
end_of_record
TN:
SF:api\recursos\Reservaciones\reservaciones.error.js
FN:2,(anonymous_0)
FN:11,(anonymous_1)
FNF:2
FNH:1
FNDA:0,(anonymous_0)
FNDA:1,(anonymous_1)
DA:3,0
DA:4,0
DA:5,0
DA:6,0
DA:12,1
DA:13,1
DA:14,1
DA:15,1
DA:19,3
LF:9
LH:5
BRDA:4,0,0,0
BRDA:4,0,1,0
BRDA:13,1,0,1
BRDA:13,1,1,0
BRF:4
BRH:1
end_of_record
TN:
SF:api\recursos\Reservaciones\reservaciones.model.js
FNF:0
FNH:0
DA:1,3
DA:3,3
DA:26,3
LF:3
LH:3
BRF:0
BRH:0
end_of_record
TN:
SF:api\recursos\Reservaciones\reservaciones.routes.js
FN:15,validarId
FN:27,(anonymous_1)
FN:28,(anonymous_2)
FN:34,(anonymous_3)
FN:40,(anonymous_4)
FN:44,(anonymous_5)
FN:54,(anonymous_6)
FNF:7
FNH:7
FNDA:3,validarId
FNDA:2,(anonymous_1)
FNDA:2,(anonymous_2)
FNDA:1,(anonymous_3)
FNDA:1,(anonymous_4)
FNDA:1,(anonymous_5)
FNDA:2,(anonymous_6)
DA:1,3
DA:2,3
DA:4,3
DA:5,3
DA:7,3
DA:8,3
DA:9,3
DA:10,3
DA:12,3
DA:13,3
DA:16,3
DA:18,3
DA:19,1
DA:20,1
DA:22,2
DA:25,3
DA:28,2
DA:29,2
DA:34,3
DA:35,1
DA:36,1
DA:37,1
DA:38,1
DA:40,1
DA:41,1
DA:42,1
DA:43,1
DA:44,1
DA:45,1
DA:49,0
DA:50,0
DA:54,3
DA:55,2
DA:58,2
DA:60,2
DA:61,1
DA:62,1
DA:65,1
DA:66,1
DA:67,1
DA:71,3
LF:41
LH:39
BRDA:18,0,0,1
BRDA:18,0,1,2
BRDA:41,1,0,1
BRDA:41,1,1,0
BRDA:60,2,0,1
BRDA:60,2,1,1
BRF:6
BRH:5
end_of_record
TN:
SF:api\recursos\Reservaciones\reservaciones.validate.js
FN:11,(anonymous_0)
FN:21,(anonymous_1)
FNF:2
FNH:2
FNDA:3,(anonymous_0)
FNDA:2,(anonymous_1)
DA:1,3
DA:2,3
DA:4,3
DA:11,3
DA:12,3
DA:16,3
DA:17,1
DA:19,2
DA:21,2
DA:23,2
DA:24,2
DA:30,3
LF:12
LH:12
BRDA:16,0,0,1
BRDA:16,0,1,2
BRF:2
BRH:2
end_of_record
TN:
SF:api\recursos\Servicios\servicios.controller.js
FN:3,foundServices
FN:7,createServices
FN:13,deleteServices
FN:17,foundOneService
FNF:4
FNH:4
FNDA:4,foundServices
FNDA:1,createServices
FNDA:1,deleteServices
FNDA:3,foundOneService
DA:1,3
DA:4,4
DA:8,1
DA:14,1
DA:18,3
DA:19,3
DA:21,0
DA:24,3
LF:8
LH:7
BRDA:18,0,0,3
BRDA:18,0,1,0
BRF:2
BRH:1
end_of_record
TN:
SF:api\recursos\Servicios\servicios.error.js
FN:2,(anonymous_0)
FN:13,(anonymous_1)
FNF:2
FNH:2
FNDA:1,(anonymous_0)
FNDA:2,(anonymous_1)
DA:3,1
DA:4,1
DA:7,1
DA:8,1
DA:14,2
DA:15,2
DA:16,2
DA:17,2
DA:21,3
LF:9
LH:9
BRDA:5,0,0,1
BRDA:5,0,1,1
BRDA:15,1,0,2
BRDA:15,1,1,2
BRF:4
BRH:4
end_of_record
TN:
SF:api\recursos\Servicios\servicios.model.js
FNF:0
FNH:0
DA:1,3
DA:3,3
DA:18,3
LF:3
LH:3
BRF:0
BRH:0
end_of_record
TN:
SF:api\recursos\Servicios\servicios.routes.js
FN:16,transformarBodyALowerCase
FN:24,validarId
FN:36,(anonymous_2)
FN:37,(anonymous_3)
FN:46,(anonymous_4)
FN:59,(anonymous_5)
FN:68,(anonymous_6)
FNF:7
FNH:7
FNDA:2,transformarBodyALowerCase
FNDA:4,validarId
FNDA:4,(anonymous_2)
FNDA:4,(anonymous_3)
FNDA:2,(anonymous_4)
FNDA:1,(anonymous_5)
FNDA:3,(anonymous_6)
DA:1,3
DA:2,3
DA:4,3
DA:5,3
DA:6,3
DA:7,3
DA:11,3
DA:13,3
DA:14,3
DA:17,2
DA:19,2
DA:21,2
DA:25,4
DA:27,4
DA:28,1
DA:29,1
DA:31,3
DA:34,3
DA:37,4
DA:38,4
DA:43,3
DA:47,2
DA:48,2
DA:50,2
DA:51,1
DA:54,1
DA:57,1
DA:60,1
DA:65,3
DA:69,3
DA:72,3
DA:76,3
DA:77,1
DA:78,1
DA:81,2
DA:82,2
DA:83,1
DA:86,1
DA:89,1
DA:90,1
DA:91,1
DA:95,3
LF:42
LH:42
BRDA:17,0,0,2
BRDA:17,0,1,2
BRDA:19,1,0,2
BRDA:19,1,1,2
BRDA:27,2,0,1
BRDA:27,2,1,3
BRDA:50,3,0,1
BRDA:50,3,1,1
BRDA:76,4,0,1
BRDA:76,4,1,2
BRDA:82,5,0,1
BRDA:82,5,1,1
BRF:12
BRH:12
end_of_record
TN:
SF:api\recursos\Servicios\servicios.validate.js
FN:10,(anonymous_0)
FN:20,(anonymous_1)
FNF:2
FNH:2
FNDA:5,(anonymous_0)
FNDA:3,(anonymous_1)
DA:1,3
DA:2,3
DA:4,3
DA:10,3
DA:11,5
DA:15,5
DA:16,2
DA:18,3
DA:20,3
DA:22,3
DA:30,3
LF:11
LH:11
BRDA:15,0,0,2
BRDA:15,0,1,3
BRF:2
BRH:2
end_of_record
TN:
SF:api\recursos\Usuarios\usuarios.controller.js
FN:3,foundUser
FN:7,createUser
FN:14,deleteUser
FN:18,updateUser
FN:30,setHistory
FN:40,existingUser
FN:41,(anonymous_6)
FN:44,(anonymous_7)
FN:47,(anonymous_8)
FN:53,foundOneUser
FNF:10
FNH:9
FNDA:2,foundUser
FNDA:8,createUser
FNDA:1,deleteUser
FNDA:1,updateUser
FNDA:1,setHistory
FNDA:9,existingUser
FNDA:9,(anonymous_6)
FNDA:9,(anonymous_7)
FNDA:0,(anonymous_8)
FNDA:50,foundOneUser
DA:1,3
DA:4,2
DA:8,8
DA:15,1
DA:19,1
DA:31,1
DA:41,9
DA:42,9
DA:45,9
DA:48,0
DA:54,50
DA:55,23
DA:57,27
DA:58,27
DA:60,0
DA:65,3
LF:16
LH:14
BRDA:54,0,0,23
BRDA:54,0,1,27
BRDA:57,1,0,27
BRDA:57,1,1,0
BRF:4
BRH:3
end_of_record
TN:
SF:api\recursos\Usuarios\usuarios.error.js
FN:2,(anonymous_0)
FN:12,(anonymous_1)
FN:23,(anonymous_2)
FN:33,(anonymous_3)
FNF:4
FNH:3
FNDA:1,(anonymous_0)
FNDA:2,(anonymous_1)
FNDA:0,(anonymous_2)
FNDA:2,(anonymous_3)
DA:3,1
DA:4,1
DA:6,1
DA:7,1
DA:13,2
DA:14,2
DA:17,2
DA:18,2
DA:24,0
DA:25,0
DA:27,0
DA:28,0
DA:34,2
DA:35,2
DA:36,2
DA:37,2
DA:41,3
LF:17
LH:13
BRDA:5,0,0,1
BRDA:5,0,1,1
BRDA:15,1,0,2
BRDA:15,1,1,0
BRDA:26,2,0,0
BRDA:26,2,1,0
BRDA:35,3,0,2
BRDA:35,3,1,0
BRF:8
BRH:4
end_of_record
TN:
SF:api\recursos\Usuarios\usuarios.model.js
FNF:0
FNH:0
DA:1,3
DA:3,3
DA:39,3
LF:3
LH:3
BRF:0
BRH:0
end_of_record
TN:
SF:api\recursos\Usuarios\usuarios.routes.js
FN:23,transformarBodyALowerCase
FN:31,validarId
FN:43,(anonymous_2)
FN:44,(anonymous_3)
FN:53,(anonymous_4)
FN:57,(anonymous_5)
FN:66,(anonymous_6)
FN:69,(anonymous_7)
FN:79,(anonymous_8)
FN:115,(anonymous_9)
FN:131,(anonymous_10)
FN:144,(anonymous_11)
FNF:12
FNH:12
FNDA:32,transformarBodyALowerCase
FNDA:8,validarId
FNDA:2,(anonymous_2)
FNDA:2,(anonymous_3)
FNDA:9,(anonymous_4)
FNDA:9,(anonymous_5)
FNDA:8,(anonymous_6)
FNDA:8,(anonymous_7)
FNDA:23,(anonymous_8)
FNDA:3,(anonymous_9)
FNDA:1,(anonymous_10)
FNDA:3,(anonymous_11)
DA:1,3
DA:2,3
DA:3,3
DA:4,3
DA:6,3
DA:7,3
DA:8,3
DA:9,3
DA:10,3
DA:11,3
DA:12,3
DA:18,3
DA:20,3
DA:21,3
DA:24,32
DA:25,32
DA:26,32
DA:27,32
DA:28,32
DA:32,8
DA:34,8
DA:35,2
DA:36,2
DA:38,6
DA:41,3
DA:44,2
DA:45,2
DA:50,3
DA:54,9
DA:55,9
DA:58,9
DA:59,1
DA:62,1
DA:64,8
DA:67,8
DA:70,8
DA:76,3
DA:80,23
DA:82,23
DA:85,23
DA:86,0
DA:89,0
DA:91,23
DA:95,23
DA:96,23
DA:99,23
DA:102,23
DA:104,0
DA:107,0
DA:112,3
DA:116,3
DA:117,3
DA:120,3
DA:122,3
DA:123,1
DA:126,2
DA:127,1
DA:128,1
DA:131,1
DA:132,1
DA:133,1
DA:141,3
DA:145,3
DA:148,3
DA:150,3
DA:151,1
DA:154,1
DA:159,2
DA:160,2
DA:161,1
DA:164,1
DA:167,1
DA:168,1
DA:169,1
DA:173,3
LF:75
LH:71
BRDA:24,0,0,32
BRDA:24,0,1,32
BRDA:25,1,0,32
BRDA:25,1,1,9
BRDA:26,2,0,32
BRDA:26,2,1,9
BRDA:27,3,0,32
BRDA:27,3,1,9
BRDA:34,4,0,2
BRDA:34,4,1,6
BRDA:58,5,0,1
BRDA:58,5,1,8
BRDA:85,6,0,0
BRDA:85,6,1,23
BRDA:95,7,0,23
BRDA:95,7,1,0
BRDA:122,8,0,1
BRDA:122,8,1,2
BRDA:126,9,0,1
BRDA:126,9,1,1
BRDA:150,10,0,1
BRDA:150,10,1,2
BRDA:160,11,0,1
BRDA:160,11,1,1
BRF:24
BRH:22
end_of_record
TN:
SF:api\recursos\Usuarios\usuarios.validate.js
FN:15,(anonymous_0)
FN:25,(anonymous_1)
FN:40,(anonymous_2)
FN:50,(anonymous_3)
FN:67,(anonymous_4)
FN:77,(anonymous_5)
FNF:6
FNH:4
FNDA:18,(anonymous_0)
FNDA:9,(anonymous_1)
FNDA:23,(anonymous_2)
FNDA:0,(anonymous_3)
FNDA:3,(anonymous_4)
FNDA:0,(anonymous_5)
DA:1,3
DA:2,3
DA:4,3
DA:15,3
DA:16,18
DA:20,18
DA:21,9
DA:23,9
DA:25,9
DA:27,9
DA:35,3
DA:40,3
DA:41,23
DA:45,23
DA:46,23
DA:48,0
DA:50,0
DA:52,0
DA:60,3
DA:67,3
DA:68,3
DA:72,3
DA:73,3
DA:75,0
DA:77,0
DA:79,0
DA:85,3
LF:27
LH:21
BRDA:20,0,0,9
BRDA:20,0,1,9
BRDA:45,1,0,23
BRDA:45,1,1,0
BRDA:72,2,0,3
BRDA:72,2,1,0
BRF:6
BRH:4
end_of_record
TN:
SF:config\dev.js
FNF:0
FNH:0
DA:1,3
LF:1
LH:1
BRF:0
BRH:0
end_of_record
TN:
SF:config\index.js
FNF:0
FNH:0
DA:1,3
DA:3,3
DA:8,3
DA:10,3
DA:14,0
DA:15,0
DA:18,0
DA:19,0
DA:21,3
DA:24,3
LF:10
LH:6
BRDA:1,0,0,3
BRDA:1,0,1,0
BRDA:10,1,0,0
BRDA:10,1,1,0
BRDA:10,1,2,0
BRDA:10,1,3,0
BRDA:10,1,4,0
BRDA:10,1,5,3
BRF:8
BRH:2
end_of_record
TN:
SF:utils\logger.js
FN:3,(anonymous_0)
FNF:1
FNH:1
FNDA:162,(anonymous_0)
DA:1,3
DA:3,3
DA:4,162
DA:5,162
DA:8,3
LF:5
LH:5
BRF:0
BRH:0
end_of_record
